2019-01-19 21:23:54,846 INFO  DownloadService - Downloading "https://github.com/vipulasri/Timeline-View/archive/master.zip", attempt 3
2019-01-19 21:24:03,817 INFO  DownloadService - Downloaded https://github.com/vipulasri/Timeline-View/archive/master.zip, attempt 3
2019-01-19 21:24:03,818 INFO  DownloadService - Size of file "/var/folders/bq/vtzpc5ns5sg2cthy61lqpg3dfzgbys/T/1547907834841-0/master.zip": 11 MB
2019-01-19 21:24:03,818 INFO  ArchiveUtils - Checking entries [.gradle] in ZIP file...
2019-01-19 21:24:03,820 INFO  ArchiveUtils - Has entries [.gradle] in ZIP file /var/folders/bq/vtzpc5ns5sg2cthy61lqpg3dfzgbys/T/1547907834841-0/master.zip: true
2019-01-19 21:24:03,820 DEBUG ZipUtil - Extracting '/var/folders/bq/vtzpc5ns5sg2cthy61lqpg3dfzgbys/T/1547907834841-0/master.zip' into '/var/folders/bq/vtzpc5ns5sg2cthy61lqpg3dfzgbys/T/1547907834841-0/src'.
2019-01-19 21:24:03,950 INFO  FullProcessService - Size of directory with sources: 11 MB
2019-01-19 21:24:03,950 INFO  SysUtils - Execute command: [git, init, /var/folders/bq/vtzpc5ns5sg2cthy61lqpg3dfzgbys/T/1547907834841-0/src]
2019-01-19 21:24:03,974 INFO  SysUtils - Initialized empty Git repository in /private/var/folders/bq/vtzpc5ns5sg2cthy61lqpg3dfzgbys/T/1547907834841-0/src/.git/

2019-01-19 21:24:03,979 INFO  ProjectBuildService - Gradle wrapper(s): /var/folders/bq/vtzpc5ns5sg2cthy61lqpg3dfzgbys/T/1547907834841-0/src/Timeline-View-master/gradlew
2019-01-19 21:24:03,985 INFO  ProjectBuildService - Build script(s): /var/folders/bq/vtzpc5ns5sg2cthy61lqpg3dfzgbys/T/1547907834841-0/src/Timeline-View-master/app/build.gradle /var/folders/bq/vtzpc5ns5sg2cthy61lqpg3dfzgbys/T/1547907834841-0/src/Timeline-View-master/timelineview/build.gradle /var/folders/bq/vtzpc5ns5sg2cthy61lqpg3dfzgbys/T/1547907834841-0/src/Timeline-View-master/build.gradle
2019-01-19 21:24:03,989 INFO  ProjectBuildService - All script(s): /var/folders/bq/vtzpc5ns5sg2cthy61lqpg3dfzgbys/T/1547907834841-0/src/Timeline-View-master/app/build.gradle /var/folders/bq/vtzpc5ns5sg2cthy61lqpg3dfzgbys/T/1547907834841-0/src/Timeline-View-master/timelineview/build.gradle /var/folders/bq/vtzpc5ns5sg2cthy61lqpg3dfzgbys/T/1547907834841-0/src/Timeline-View-master/build.gradle /var/folders/bq/vtzpc5ns5sg2cthy61lqpg3dfzgbys/T/1547907834841-0/src/Timeline-View-master/settings.gradle
2019-01-19 21:24:03,989 INFO  DownloadService - Downloading "https://raw.githubusercontent.com/vipulasri/BintrayHelper/master/install.gradle", attempt 3
2019-01-19 21:24:04,861 INFO  DownloadService - Downloaded https://raw.githubusercontent.com/vipulasri/BintrayHelper/master/install.gradle, attempt 3
2019-01-19 21:24:04,861 INFO  DownloadService - Downloading "https://raw.githubusercontent.com/vipulasri/BintrayHelper/master/bintray.gradle", attempt 3
2019-01-19 21:24:05,072 INFO  DownloadService - Downloaded https://raw.githubusercontent.com/vipulasri/BintrayHelper/master/bintray.gradle, attempt 3
2019-01-19 21:24:05,072 INFO  ProjectBuildService - Remote scripts: https://raw.githubusercontent.com/vipulasri/BintrayHelper/master/install.gradle https://raw.githubusercontent.com/vipulasri/BintrayHelper/master/bintray.gradle
2019-01-19 21:24:05,072 INFO  ProjectFixService - Fixing project...
2019-01-19 21:24:05,084 INFO  LocalPropertiesFixService - Created fake /var/folders/bq/vtzpc5ns5sg2cthy61lqpg3dfzgbys/T/1547907834841-0/src/Timeline-View-master/app/local.properties
2019-01-19 21:24:05,086 INFO  ProjectFixService - Build info for "/var/folders/bq/vtzpc5ns5sg2cthy61lqpg3dfzgbys/T/1547907834841-0/src/Timeline-View-master/app/build.gradle": [buildToolsVersion=<null>,compileSdkVersion=<null>,minSdkVersion=<null>,targetSdkVersion=<null>]
2019-01-19 21:24:05,086 INFO  ProjectFixService - Fixed build info for "/var/folders/bq/vtzpc5ns5sg2cthy61lqpg3dfzgbys/T/1547907834841-0/src/Timeline-View-master/app/build.gradle": [buildToolsVersion=28.0.0-rc2,compileSdkVersion=28,minSdkVersion=28,targetSdkVersion=28]
2019-01-19 21:24:05,087 INFO  LocalPropertiesFixService - Created fake /var/folders/bq/vtzpc5ns5sg2cthy61lqpg3dfzgbys/T/1547907834841-0/src/Timeline-View-master/timelineview/local.properties
2019-01-19 21:24:05,089 INFO  ProjectFixService - Build info for "/var/folders/bq/vtzpc5ns5sg2cthy61lqpg3dfzgbys/T/1547907834841-0/src/Timeline-View-master/timelineview/build.gradle": [buildToolsVersion=<null>,compileSdkVersion=<null>,minSdkVersion=<null>,targetSdkVersion=<null>]
2019-01-19 21:24:05,089 INFO  ProjectFixService - Fixed build info for "/var/folders/bq/vtzpc5ns5sg2cthy61lqpg3dfzgbys/T/1547907834841-0/src/Timeline-View-master/timelineview/build.gradle": [buildToolsVersion=28.0.0-rc2,compileSdkVersion=28,minSdkVersion=28,targetSdkVersion=28]
2019-01-19 21:24:05,090 INFO  LocalPropertiesFixService - Created fake /var/folders/bq/vtzpc5ns5sg2cthy61lqpg3dfzgbys/T/1547907834841-0/src/Timeline-View-master/local.properties
2019-01-19 21:24:05,091 INFO  WrapperPropertiesFixService - Gradle wrapper: https://services.gradle.org/distributions/gradle-4.6-all.zip
2019-01-19 21:24:05,091 INFO  WrapperPropertiesFixService - Gradle wrapper was changed from "-all.zip" to "-bin.zip" (https://services.gradle.org/distributions/gradle-4.6-bin.zip)
2019-01-19 21:24:05,093 INFO  ProjectFixService - Build info for "/var/folders/bq/vtzpc5ns5sg2cthy61lqpg3dfzgbys/T/1547907834841-0/src/Timeline-View-master/build.gradle": [buildToolsVersion=<null>,compileSdkVersion=<null>,minSdkVersion=<null>,targetSdkVersion=<null>]
2019-01-19 21:24:05,093 INFO  ProjectFixService - Fixed build info for "/var/folders/bq/vtzpc5ns5sg2cthy61lqpg3dfzgbys/T/1547907834841-0/src/Timeline-View-master/build.gradle": [buildToolsVersion=28.0.0-rc2,compileSdkVersion=28,minSdkVersion=28,targetSdkVersion=28]
2019-01-19 21:24:05,094 INFO  ProjectFixService - Project was maybe fixed
2019-01-19 21:24:05,094 INFO  ProjectTaskService - Detecting possible tasks...
2019-01-19 21:24:05,094 INFO  SysUtils - Execute command: [/var/folders/bq/vtzpc5ns5sg2cthy61lqpg3dfzgbys/T/1547907834841-0/src/Timeline-View-master/gradlew, -b, /var/folders/bq/vtzpc5ns5sg2cthy61lqpg3dfzgbys/T/1547907834841-0/src/Timeline-View-master/app/build.gradle, -Dorg.gradle.daemon=false, -Dorg.gradle.daemon.performance.enable-monitoring=false, -Dorg.gradle.configureondemand=true, tasks]
2019-01-19 21:24:18,148 INFO  ProjectTaskService - Detected possible tasks: 73
2019-01-19 21:24:18,148 INFO  ProjectTaskService - Excluded tasks (21): lintDebug javadocJar deviceCheck lint testReleaseUnitTest javadoc uninstallRelease deviceAndroidTest uninstallDebugAndroidTest installDebugAndroidTest connectedCheck connectedDebugAndroidTest uninstallAll sourcesJar test check testDebugUnitTest connectedAndroidTest installDebug lintRelease uninstallDebug
2019-01-19 21:24:18,148 INFO  SysUtils - Execute command: [/var/folders/bq/vtzpc5ns5sg2cthy61lqpg3dfzgbys/T/1547907834841-0/src/Timeline-View-master/gradlew, -b, /var/folders/bq/vtzpc5ns5sg2cthy61lqpg3dfzgbys/T/1547907834841-0/src/Timeline-View-master/app/build.gradle, -Dorg.gradle.daemon=false, -Dorg.gradle.daemon.performance.enable-monitoring=false, -Dorg.gradle.configureondemand=true, --stacktrace, -x, lintDebug, -x, javadocJar, -x, deviceCheck, -x, lint, -x, testReleaseUnitTest, -x, javadoc, -x, uninstallRelease, -x, deviceAndroidTest, -x, uninstallDebugAndroidTest, -x, installDebugAndroidTest, -x, connectedCheck, -x, connectedDebugAndroidTest, -x, uninstallAll, -x, sourcesJar, -x, test, -x, check, -x, testDebugUnitTest, -x, connectedAndroidTest, -x, installDebug, -x, lintRelease, -x, uninstallDebug, build]
2019-01-19 21:24:28,519 ERROR SysUtils - Could not process external command
org.apache.commons.exec.ExecuteException: Process exited with an error: 1 (Exit value: 1)
	at org.apache.commons.exec.DefaultExecutor.executeInternal(DefaultExecutor.java:404)
	at org.apache.commons.exec.DefaultExecutor.execute(DefaultExecutor.java:166)
	at com.github.vbauer.apkmaster.util.SysUtils.execute(SysUtils.java:67)
	at com.github.vbauer.apkmaster.util.SysUtils.executeSimple(SysUtils.java:43)
	at com.github.vbauer.apkmaster.service.assembly.ProjectBuildService.buildProject(ProjectBuildService.java:78)
	at com.github.vbauer.apkmaster.service.assembly.ProjectBuildService.buildProject(ProjectBuildService.java:64)
	at com.github.vbauer.apkmaster.service.assembly.ProjectBuildService.buildProject(ProjectBuildService.java:43)
	at com.github.vbauer.apkmaster.service.FullProcessService.build(FullProcessService.java:84)
	at com.github.vbauer.apkmaster.service.FullProcessService.process(FullProcessService.java:34)
	at com.github.vbauer.apkmaster.app.MainApplication.process(MainApplication.java:38)
	at com.github.vbauer.apkmaster.app.MainApplication.main(MainApplication.java:20)
	at sun.reflect.NativeMethodAccessorImpl.invoke0(Native Method)
	at sun.reflect.NativeMethodAccessorImpl.invoke(NativeMethodAccessorImpl.java:62)
	at sun.reflect.DelegatingMethodAccessorImpl.invoke(DelegatingMethodAccessorImpl.java:43)
	at java.lang.reflect.Method.invoke(Method.java:498)
	at com.android.arsenal.util.ReflectionUtils.invoke(ReflectionUtils.java:52)
	at com.android.arsenal.util.ApkMasterUtils.main(ApkMasterUtils.java:30)
	at com.android.arsenal.service.processor.impl.BuildProcessorServiceImpl.buildProject(BuildProcessorServiceImpl.java:196)
	at com.android.arsenal.service.processor.impl.BuildProcessorServiceImpl.build(BuildProcessorServiceImpl.java:130)
	at com.android.arsenal.service.processor.impl.BuildProcessorServiceImpl.lambda$createTasks$1(BuildProcessorServiceImpl.java:113)
	at java.util.concurrent.FutureTask.run(FutureTask.java:266)
	at java.util.concurrent.Executors$RunnableAdapter.call(Executors.java:511)
	at java.util.concurrent.FutureTask.run(FutureTask.java:266)
	at java.util.concurrent.ThreadPoolExecutor.runWorker(ThreadPoolExecutor.java:1149)
	at java.util.concurrent.ThreadPoolExecutor$Worker.run(ThreadPoolExecutor.java:624)
	at java.lang.Thread.run(Thread.java:748)
2019-01-19 21:24:28,520 INFO  SysUtils - Configuration on demand is an incubating feature.

FAILURE: Build failed with an exception.

* What went wrong:
Task 'javadocJar' not found in project ':app'.

* Try:
Run gradlew tasks to get a list of available tasks. Run with --info or --debug option to get more log output. Run with --scan to get full insights.

* Exception is:
org.gradle.execution.TaskSelectionException: Task 'javadocJar' not found in project ':app'.
	at org.gradle.execution.TaskSelector.getSelection(TaskSelector.java:116)
	at org.gradle.execution.TaskSelector.getFilter(TaskSelector.java:66)
	at org.gradle.execution.ExcludedTaskFilteringBuildConfigurationAction.configure(ExcludedTaskFilteringBuildConfigurationAction.java:42)
	at org.gradle.execution.DefaultBuildConfigurationActionExecuter.configure(DefaultBuildConfigurationActionExecuter.java:48)
	at org.gradle.execution.DefaultBuildConfigurationActionExecuter.select(DefaultBuildConfigurationActionExecuter.java:36)
	at org.gradle.initialization.DefaultGradleLauncher$CalculateTaskGraph.run(DefaultGradleLauncher.java:286)
	at org.gradle.internal.progress.DefaultBuildOperationExecutor$RunnableBuildOperationWorker.execute(DefaultBuildOperationExecutor.java:336)
	at org.gradle.internal.progress.DefaultBuildOperationExecutor$RunnableBuildOperationWorker.execute(DefaultBuildOperationExecutor.java:328)
	at org.gradle.internal.progress.DefaultBuildOperationExecutor.execute(DefaultBuildOperationExecutor.java:199)
	at org.gradle.internal.progress.DefaultBuildOperationExecutor.run(DefaultBuildOperationExecutor.java:110)
	at org.gradle.initialization.DefaultGradleLauncher.constructTaskGraph(DefaultGradleLauncher.java:181)
	at org.gradle.initialization.DefaultGradleLauncher.doBuildStages(DefaultGradleLauncher.java:136)
	at org.gradle.initialization.DefaultGradleLauncher.executeTasks(DefaultGradleLauncher.java:115)
	at org.gradle.internal.invocation.GradleBuildController$1.call(GradleBuildController.java:78)
	at org.gradle.internal.invocation.GradleBuildController$1.call(GradleBuildController.java:75)
	at org.gradle.internal.work.DefaultWorkerLeaseService.withLocks(DefaultWorkerLeaseService.java:152)
	at org.gradle.internal.invocation.GradleBuildController.doBuild(GradleBuildController.java:100)
	at org.gradle.internal.invocation.GradleBuildController.run(GradleBuildController.java:75)
	at org.gradle.tooling.internal.provider.ExecuteBuildActionRunner.run(ExecuteBuildActionRunner.java:28)
	at org.gradle.launcher.exec.ChainingBuildActionRunner.run(ChainingBuildActionRunner.java:35)
	at org.gradle.tooling.internal.provider.ValidatingBuildActionRunner.run(ValidatingBuildActionRunner.java:32)
	at org.gradle.launcher.exec.RunAsBuildOperationBuildActionRunner$1.run(RunAsBuildOperationBuildActionRunner.java:43)
	at org.gradle.internal.progress.DefaultBuildOperationExecutor$RunnableBuildOperationWorker.execute(DefaultBuildOperationExecutor.java:336)
	at org.gradle.internal.progress.DefaultBuildOperationExecutor$RunnableBuildOperationWorker.execute(DefaultBuildOperationExecutor.java:328)
	at org.gradle.internal.progress.DefaultBuildOperationExecutor.execute(DefaultBuildOperationExecutor.java:199)
	at org.gradle.internal.progress.DefaultBuildOperationExecutor.run(DefaultBuildOperationExecutor.java:110)
	at org.gradle.launcher.exec.RunAsBuildOperationBuildActionRunner.run(RunAsBuildOperationBuildActionRunner.java:40)
	at org.gradle.tooling.internal.provider.SubscribableBuildActionRunner.run(SubscribableBuildActionRunner.java:51)
	at org.gradle.launcher.exec.InProcessBuildActionExecuter.execute(InProcessBuildActionExecuter.java:49)
	at org.gradle.launcher.exec.InProcessBuildActionExecuter.execute(InProcessBuildActionExecuter.java:32)
	at org.gradle.launcher.exec.BuildTreeScopeBuildActionExecuter.execute(BuildTreeScopeBuildActionExecuter.java:39)
	at org.gradle.launcher.exec.BuildTreeScopeBuildActionExecuter.execute(BuildTreeScopeBuildActionExecuter.java:25)
	at org.gradle.tooling.internal.provider.ContinuousBuildActionExecuter.execute(ContinuousBuildActionExecuter.java:80)
	at org.gradle.tooling.internal.provider.ContinuousBuildActionExecuter.execute(ContinuousBuildActionExecuter.java:53)
	at org.gradle.tooling.internal.provider.ServicesSetupBuildActionExecuter.execute(ServicesSetupBuildActionExecuter.java:57)
	at org.gradle.tooling.internal.provider.ServicesSetupBuildActionExecuter.execute(ServicesSetupBuildActionExecuter.java:32)
	at org.gradle.tooling.internal.provider.GradleThreadBuildActionExecuter.execute(GradleThreadBuildActionExecuter.java:36)
	at org.gradle.tooling.internal.provider.GradleThreadBuildActionExecuter.execute(GradleThreadBuildActionExecuter.java:25)
	at org.gradle.tooling.internal.provider.ParallelismConfigurationBuildActionExecuter.execute(ParallelismConfigurationBuildActionExecuter.java:43)
	at org.gradle.tooling.internal.provider.ParallelismConfigurationBuildActionExecuter.execute(ParallelismConfigurationBuildActionExecuter.java:29)
	at org.gradle.tooling.internal.provider.StartParamsValidatingActionExecuter.execute(StartParamsValidatingActionExecuter.java:64)
	at org.gradle.tooling.internal.provider.StartParamsValidatingActionExecuter.execute(StartParamsValidatingActionExecuter.java:29)
	at org.gradle.tooling.internal.provider.SessionFailureReportingActionExecuter.execute(SessionFailureReportingActionExecuter.java:59)
	at org.gradle.tooling.internal.provider.SessionFailureReportingActionExecuter.execute(SessionFailureReportingActionExecuter.java:44)
	at org.gradle.tooling.internal.provider.SetupLoggingActionExecuter.execute(SetupLoggingActionExecuter.java:45)
	at org.gradle.tooling.internal.provider.SetupLoggingActionExecuter.execute(SetupLoggingActionExecuter.java:30)
	at org.gradle.launcher.cli.RunBuildAction.run(RunBuildAction.java:51)
	at org.gradle.internal.Actions$RunnableActionAdapter.execute(Actions.java:173)
	at org.gradle.launcher.cli.CommandLineActionFactory$ParseAndBuildAction.execute(CommandLineActionFactory.java:285)
	at org.gradle.launcher.cli.CommandLineActionFactory$ParseAndBuildAction.execute(CommandLineActionFactory.java:258)
	at org.gradle.launcher.cli.ExceptionReportingAction.execute(ExceptionReportingAction.java:33)
	at org.gradle.launcher.cli.ExceptionReportingAction.execute(ExceptionReportingAction.java:22)
	at org.gradle.launcher.cli.CommandLineActionFactory$WithLogging.execute(CommandLineActionFactory.java:251)
	at org.gradle.launcher.cli.CommandLineActionFactory$WithLogging.execute(CommandLineActionFactory.java:185)
	at org.gradle.launcher.Main.doAction(Main.java:36)
	at org.gradle.launcher.bootstrap.EntryPoint.run(EntryPoint.java:45)
	at org.gradle.launcher.bootstrap.ProcessBootstrap.runNoExit(ProcessBootstrap.java:60)
	at org.gradle.launcher.bootstrap.ProcessBootstrap.run(ProcessBootstrap.java:37)
	at org.gradle.launcher.GradleMain.main(GradleMain.java:23)
	at org.gradle.wrapper.BootstrapMainStarter.start(BootstrapMainStarter.java:30)
	at org.gradle.wrapper.WrapperExecutor.execute(WrapperExecutor.java:129)
	at org.gradle.wrapper.GradleWrapperMain.main(GradleWrapperMain.java:61)


* Get more help at https://help.gradle.org

BUILD FAILED in 10s

2019-01-19 21:24:28,520 ERROR ProjectBuildService - Excluded tasks were detected wrong
2019-01-19 21:24:28,520 INFO  SysUtils - Execute command: [/var/folders/bq/vtzpc5ns5sg2cthy61lqpg3dfzgbys/T/1547907834841-0/src/Timeline-View-master/gradlew, -b, /var/folders/bq/vtzpc5ns5sg2cthy61lqpg3dfzgbys/T/1547907834841-0/src/Timeline-View-master/app/build.gradle, -Dorg.gradle.daemon=false, -Dorg.gradle.daemon.performance.enable-monitoring=false, -Dorg.gradle.configureondemand=true, --stacktrace, build]
2019-01-19 21:25:46,400 ERROR SysUtils - Could not process external command
org.apache.commons.exec.ExecuteException: Process exited with an error: 1 (Exit value: 1)
	at org.apache.commons.exec.DefaultExecutor.executeInternal(DefaultExecutor.java:404)
	at org.apache.commons.exec.DefaultExecutor.execute(DefaultExecutor.java:166)
	at com.github.vbauer.apkmaster.util.SysUtils.execute(SysUtils.java:67)
	at com.github.vbauer.apkmaster.util.SysUtils.executeSimple(SysUtils.java:43)
	at com.github.vbauer.apkmaster.service.assembly.ProjectBuildService.buildProject(ProjectBuildService.java:78)
	at com.github.vbauer.apkmaster.service.assembly.ProjectBuildService.buildProject(ProjectBuildService.java:69)
	at com.github.vbauer.apkmaster.service.assembly.ProjectBuildService.buildProject(ProjectBuildService.java:43)
	at com.github.vbauer.apkmaster.service.FullProcessService.build(FullProcessService.java:84)
	at com.github.vbauer.apkmaster.service.FullProcessService.process(FullProcessService.java:34)
	at com.github.vbauer.apkmaster.app.MainApplication.process(MainApplication.java:38)
	at com.github.vbauer.apkmaster.app.MainApplication.main(MainApplication.java:20)
	at sun.reflect.NativeMethodAccessorImpl.invoke0(Native Method)
	at sun.reflect.NativeMethodAccessorImpl.invoke(NativeMethodAccessorImpl.java:62)
	at sun.reflect.DelegatingMethodAccessorImpl.invoke(DelegatingMethodAccessorImpl.java:43)
	at java.lang.reflect.Method.invoke(Method.java:498)
	at com.android.arsenal.util.ReflectionUtils.invoke(ReflectionUtils.java:52)
	at com.android.arsenal.util.ApkMasterUtils.main(ApkMasterUtils.java:30)
	at com.android.arsenal.service.processor.impl.BuildProcessorServiceImpl.buildProject(BuildProcessorServiceImpl.java:196)
	at com.android.arsenal.service.processor.impl.BuildProcessorServiceImpl.build(BuildProcessorServiceImpl.java:130)
	at com.android.arsenal.service.processor.impl.BuildProcessorServiceImpl.lambda$createTasks$1(BuildProcessorServiceImpl.java:113)
	at java.util.concurrent.FutureTask.run(FutureTask.java:266)
	at java.util.concurrent.Executors$RunnableAdapter.call(Executors.java:511)
	at java.util.concurrent.FutureTask.run(FutureTask.java:266)
	at java.util.concurrent.ThreadPoolExecutor.runWorker(ThreadPoolExecutor.java:1149)
	at java.util.concurrent.ThreadPoolExecutor$Worker.run(ThreadPoolExecutor.java:624)
	at java.lang.Thread.run(Thread.java:748)
2019-01-19 21:25:46,402 INFO  SysUtils - Configuration on demand is an incubating feature.
:app:checkDebugClasspath
Download https://jcenter.bintray.com/org/jetbrains/kotlin/kotlin-android-extensions-runtime/1.3.10/kotlin-android-extensions-runtime-1.3.10.jar
WARNING: Conflict with dependency 'androidx.annotation:annotation' in project ':app'. Resolved versions for runtime classpath (1.0.1) and compile classpath (1.0.0) differ. This can lead to runtime crashes. To resolve this issue follow advice at https://developer.android.com/studio/build/gradle-tips#configure-project-wide-properties. Alternatively, you can try to fix the problem by adding this snippet to /private/var/folders/bq/vtzpc5ns5sg2cthy61lqpg3dfzgbys/T/1547907834841-0/src/Timeline-View-master/app/build.gradle:
dependencies {
    implementation("androidx.annotation:annotation:1.0.1")
}

:app:preBuild UP-TO-DATE
:timelineview:preBuild UP-TO-DATE
:timelineview:preDebugBuild UP-TO-DATE
:timelineview:checkDebugManifest
:timelineview:processDebugManifest
:app:preDebugBuild
:timelineview:compileDebugAidl NO-SOURCE
:app:compileDebugAidl NO-SOURCE
:timelineview:packageDebugRenderscript NO-SOURCE
:app:compileDebugRenderscript
:app:checkDebugManifest
:app:generateDebugBuildConfig
:app:mainApkListPersistenceDebug
:app:generateDebugResValues
:app:generateDebugResources
:timelineview:compileDebugRenderscript
:timelineview:generateDebugResValues
:timelineview:generateDebugResources
:timelineview:packageDebugResources
:app:mergeDebugResources
:app:createDebugCompatibleScreenManifests
:app:processDebugManifest
:app:splitsDiscoveryTaskDebug
:timelineview:generateDebugRFile
:app:processDebugResources
:timelineview:generateDebugBuildConfig
:timelineview:prepareLintJar
:timelineview:generateDebugSources
:timelineview:javaPreCompileDebug
:timelineview:compileDebugJavaWithJavacNote: /private/var/folders/bq/vtzpc5ns5sg2cthy61lqpg3dfzgbys/T/1547907834841-0/src/Timeline-View-master/timelineview/src/main/java/com/github/vipulasri/timelineview/TimelineView.java uses or overrides a deprecated API.
Note: Recompile with -Xlint:deprecation for details.

:timelineview:processDebugJavaRes NO-SOURCE
:timelineview:transformClassesAndResourcesWithPrepareIntermediateJarsForDebug
:app:kaptGenerateStubsDebugKotlin
:app:kaptDebugKotlin
:app:compileDebugKotlin
w: /private/var/folders/bq/vtzpc5ns5sg2cthy61lqpg3dfzgbys/T/1547907834841-0/src/Timeline-View-master/app/src/main/java/com/github/vipulasri/timelineview/sample/TimelineAttributesBottomSheet.kt: (78, 53): Parameter 'group' is never used, could be renamed to _
w: /private/var/folders/bq/vtzpc5ns5sg2cthy61lqpg3dfzgbys/T/1547907834841-0/src/Timeline-View-master/app/src/main/java/com/github/vipulasri/timelineview/sample/TimelineAttributesBottomSheet.kt: (96, 64): Parameter 'buttonView' is never used, could be renamed to _
w: /private/var/folders/bq/vtzpc5ns5sg2cthy61lqpg3dfzgbys/T/1547907834841-0/src/Timeline-View-master/app/src/main/java/com/github/vipulasri/timelineview/sample/utils/DateTimeUtils.kt: (19, 27): Variable 'date' initializer is redundant
w: /private/var/folders/bq/vtzpc5ns5sg2cthy61lqpg3dfzgbys/T/1547907834841-0/src/Timeline-View-master/app/src/main/java/com/github/vipulasri/timelineview/sample/utils/DateTimeUtils.kt: (36, 27): Variable 'date' initializer is redundant
w: /private/var/folders/bq/vtzpc5ns5sg2cthy61lqpg3dfzgbys/T/1547907834841-0/src/Timeline-View-master/app/src/main/java/com/github/vipulasri/timelineview/sample/widgets/RoundedCornerBottomSheet.kt: (15, 20): 'setBackgroundDrawable(Drawable!): Unit' is deprecated. Deprecated in Java
:app:prepareLintJar
:app:generateDebugSources
:app:javaPreCompileDebug
:app:compileDebugJavaWithJavac
:app:compileDebugNdk NO-SOURCE
:app:compileDebugSources
:app:mergeDebugShaders
:app:compileDebugShaders
:app:generateDebugAssets
:timelineview:mergeDebugShaders
:timelineview:compileDebugShaders
:timelineview:generateDebugAssets
:timelineview:packageDebugAssets
:app:mergeDebugAssets
:app:transformClassesWithDexBuilderForDebug
:app:transformDexArchiveWithExternalLibsDexMergerForDebug
:app:transformDexArchiveWithDexMergerForDebug
:app:mergeDebugJniLibFolders
:timelineview:compileDebugNdk NO-SOURCE
:timelineview:mergeDebugJniLibFolders
:timelineview:transformNativeLibsWithMergeJniLibsForDebug
:timelineview:transformNativeLibsWithStripDebugSymbolForDebug
:timelineview:transformNativeLibsWithIntermediateJniLibsForDebug
:app:transformNativeLibsWithMergeJniLibsForDebug
:app:transformNativeLibsWithStripDebugSymbolForDebug
:app:checkDebugLibraries
:app:processDebugJavaRes NO-SOURCE
:app:transformResourcesWithMergeJavaResForDebug
:app:validateSigningDebug
:app:packageDebug
:app:assembleDebug
:app:checkReleaseClasspath
WARNING: Conflict with dependency 'androidx.annotation:annotation' in project ':app'. Resolved versions for runtime classpath (1.0.1) and compile classpath (1.0.0) differ. This can lead to runtime crashes. To resolve this issue follow advice at https://developer.android.com/studio/build/gradle-tips#configure-project-wide-properties. Alternatively, you can try to fix the problem by adding this snippet to /private/var/folders/bq/vtzpc5ns5sg2cthy61lqpg3dfzgbys/T/1547907834841-0/src/Timeline-View-master/app/build.gradle:
dependencies {
    implementation("androidx.annotation:annotation:1.0.1")
}

:timelineview:preReleaseBuild UP-TO-DATE
:timelineview:checkReleaseManifest
:timelineview:processReleaseManifest
:app:preReleaseBuild
:timelineview:compileReleaseAidl NO-SOURCE
:app:compileReleaseAidl NO-SOURCE
:timelineview:packageReleaseRenderscript NO-SOURCE
:app:compileReleaseRenderscript
:app:checkReleaseManifest
:app:generateReleaseBuildConfig
:app:mainApkListPersistenceRelease
:app:generateReleaseResValues
:app:generateReleaseResources
:timelineview:compileReleaseRenderscript
:timelineview:generateReleaseResValues
:timelineview:generateReleaseResources
:timelineview:packageReleaseResources
:app:mergeReleaseResources
:app:createReleaseCompatibleScreenManifests
:app:processReleaseManifest
:app:splitsDiscoveryTaskRelease
:timelineview:generateReleaseRFile
:app:processReleaseResources
:timelineview:generateReleaseBuildConfig
:timelineview:generateReleaseSources
:timelineview:javaPreCompileRelease
:timelineview:compileReleaseJavaWithJavacNote: /private/var/folders/bq/vtzpc5ns5sg2cthy61lqpg3dfzgbys/T/1547907834841-0/src/Timeline-View-master/timelineview/src/main/java/com/github/vipulasri/timelineview/TimelineView.java uses or overrides a deprecated API.
Note: Recompile with -Xlint:deprecation for details.

:timelineview:processReleaseJavaRes NO-SOURCE
:timelineview:transformClassesAndResourcesWithPrepareIntermediateJarsForRelease
:app:kaptGenerateStubsReleaseKotlin
:app:kaptReleaseKotlin
:app:compileReleaseKotlin
w: /private/var/folders/bq/vtzpc5ns5sg2cthy61lqpg3dfzgbys/T/1547907834841-0/src/Timeline-View-master/app/src/main/java/com/github/vipulasri/timelineview/sample/TimelineAttributesBottomSheet.kt: (78, 53): Parameter 'group' is never used, could be renamed to _
w: /private/var/folders/bq/vtzpc5ns5sg2cthy61lqpg3dfzgbys/T/1547907834841-0/src/Timeline-View-master/app/src/main/java/com/github/vipulasri/timelineview/sample/TimelineAttributesBottomSheet.kt: (96, 64): Parameter 'buttonView' is never used, could be renamed to _
w: /private/var/folders/bq/vtzpc5ns5sg2cthy61lqpg3dfzgbys/T/1547907834841-0/src/Timeline-View-master/app/src/main/java/com/github/vipulasri/timelineview/sample/utils/DateTimeUtils.kt: (19, 27): Variable 'date' initializer is redundant
w: /private/var/folders/bq/vtzpc5ns5sg2cthy61lqpg3dfzgbys/T/1547907834841-0/src/Timeline-View-master/app/src/main/java/com/github/vipulasri/timelineview/sample/utils/DateTimeUtils.kt: (36, 27): Variable 'date' initializer is redundant
w: /private/var/folders/bq/vtzpc5ns5sg2cthy61lqpg3dfzgbys/T/1547907834841-0/src/Timeline-View-master/app/src/main/java/com/github/vipulasri/timelineview/sample/widgets/RoundedCornerBottomSheet.kt: (15, 20): 'setBackgroundDrawable(Drawable!): Unit' is deprecated. Deprecated in Java
:app:generateReleaseSources
:app:javaPreCompileRelease
:app:compileReleaseJavaWithJavac
:app:compileReleaseNdk NO-SOURCE
:app:compileReleaseSources
:app:lintVitalRelease SKIPPED
:app:mergeReleaseShaders
:app:compileReleaseShaders
:app:generateReleaseAssets
:timelineview:mergeReleaseShaders
:timelineview:compileReleaseShaders
:timelineview:generateReleaseAssets
:timelineview:packageReleaseAssets
:app:mergeReleaseAssets
:app:transformClassesWithDexBuilderForRelease
:app:transformDexArchiveWithExternalLibsDexMergerForRelease
:app:transformDexArchiveWithDexMergerForRelease
:app:mergeReleaseJniLibFolders
:timelineview:compileReleaseNdk NO-SOURCE
:timelineview:mergeReleaseJniLibFolders
:timelineview:transformNativeLibsWithMergeJniLibsForRelease
:timelineview:transformNativeLibsWithStripDebugSymbolForRelease
:timelineview:transformNativeLibsWithIntermediateJniLibsForRelease
:app:transformNativeLibsWithMergeJniLibsForRelease
:app:transformNativeLibsWithStripDebugSymbolForRelease
:app:checkReleaseLibraries
:app:processReleaseJavaRes NO-SOURCE
:app:transformResourcesWithMergeJavaResForRelease
:app:packageRelease
:app:assembleRelease
:app:assemble
:app:lint
Calling mockable JAR artifact transform to create file: /Users/vbauer/.gradle/caches/transforms-1/files-1.1/android.jar/50516c6a48ec2e419da63caa36dc14a7/android.jar with input /Users/vbauer/Library/Android/sdk/platforms/android-28/android.jar
Ran lint on variant release: 39 issues found
Ran lint on variant debug: 39 issues found
Wrote HTML report to file:///private/var/folders/bq/vtzpc5ns5sg2cthy61lqpg3dfzgbys/T/1547907834841-0/src/Timeline-View-master/app/build/reports/lint-results.html
Wrote XML report to file:///private/var/folders/bq/vtzpc5ns5sg2cthy61lqpg3dfzgbys/T/1547907834841-0/src/Timeline-View-master/app/build/reports/lint-results.xml
:app:kaptGenerateStubsDebugUnitTestKotlin
:app:kaptDebugUnitTestKotlin
:app:compileDebugUnitTestKotline: /private/var/folders/bq/vtzpc5ns5sg2cthy61lqpg3dfzgbys/T/1547907834841-0/src/Timeline-View-master/app/src/test/java/com/github/vipulasri/timelineview/sample/ExampleUnitTest.kt: (3, 12): Unresolved reference: junit
e: /private/var/folders/bq/vtzpc5ns5sg2cthy61lqpg3dfzgbys/T/1547907834841-0/src/Timeline-View-master/app/src/test/java/com/github/vipulasri/timelineview/sample/ExampleUnitTest.kt: (5, 12): Unresolved reference: junit
e: /private/var/folders/bq/vtzpc5ns5sg2cthy61lqpg3dfzgbys/T/1547907834841-0/src/Timeline-View-master/app/src/test/java/com/github/vipulasri/timelineview/sample/ExampleUnitTest.kt: (13, 6): Unresolved reference: Test
e: /private/var/folders/bq/vtzpc5ns5sg2cthy61lqpg3dfzgbys/T/1547907834841-0/src/Timeline-View-master/app/src/test/java/com/github/vipulasri/timelineview/sample/ExampleUnitTest.kt: (15, 9): Unresolved reference: assertEquals
 FAILED

FAILURE: Build failed with an exception.

* What went wrong:
Execution failed for task ':app:compileDebugUnitTestKotlin'.
> Compilation error. See log for more details

* Try:
Run with --info or --debug option to get more log output. Run with --scan to get full insights.

* Exception is:
org.gradle.api.tasks.TaskExecutionException: Execution failed for task ':app:compileDebugUnitTestKotlin'.
	at org.gradle.api.internal.tasks.execution.ExecuteActionsTaskExecuter.executeActions(ExecuteActionsTaskExecuter.java:103)
	at org.gradle.api.internal.tasks.execution.ExecuteActionsTaskExecuter.execute(ExecuteActionsTaskExecuter.java:73)
	at org.gradle.api.internal.tasks.execution.OutputDirectoryCreatingTaskExecuter.execute(OutputDirectoryCreatingTaskExecuter.java:51)
	at org.gradle.api.internal.tasks.execution.SkipUpToDateTaskExecuter.execute(SkipUpToDateTaskExecuter.java:59)
	at org.gradle.api.internal.tasks.execution.ResolveTaskOutputCachingStateExecuter.execute(ResolveTaskOutputCachingStateExecuter.java:54)
	at org.gradle.api.internal.tasks.execution.ValidatingTaskExecuter.execute(ValidatingTaskExecuter.java:59)
	at org.gradle.api.internal.tasks.execution.SkipEmptySourceFilesTaskExecuter.execute(SkipEmptySourceFilesTaskExecuter.java:101)
	at org.gradle.api.internal.tasks.execution.FinalizeInputFilePropertiesTaskExecuter.execute(FinalizeInputFilePropertiesTaskExecuter.java:44)
	at org.gradle.api.internal.tasks.execution.CleanupStaleOutputsExecuter.execute(CleanupStaleOutputsExecuter.java:91)
	at org.gradle.api.internal.tasks.execution.ResolveTaskArtifactStateTaskExecuter.execute(ResolveTaskArtifactStateTaskExecuter.java:62)
	at org.gradle.api.internal.tasks.execution.SkipTaskWithNoActionsExecuter.execute(SkipTaskWithNoActionsExecuter.java:59)
	at org.gradle.api.internal.tasks.execution.SkipOnlyIfTaskExecuter.execute(SkipOnlyIfTaskExecuter.java:54)
	at org.gradle.api.internal.tasks.execution.ExecuteAtMostOnceTaskExecuter.execute(ExecuteAtMostOnceTaskExecuter.java:43)
	at org.gradle.api.internal.tasks.execution.CatchExceptionTaskExecuter.execute(CatchExceptionTaskExecuter.java:34)
	at org.gradle.execution.taskgraph.DefaultTaskGraphExecuter$EventFiringTaskWorker$1.run(DefaultTaskGraphExecuter.java:256)
	at org.gradle.internal.progress.DefaultBuildOperationExecutor$RunnableBuildOperationWorker.execute(DefaultBuildOperationExecutor.java:336)
	at org.gradle.internal.progress.DefaultBuildOperationExecutor$RunnableBuildOperationWorker.execute(DefaultBuildOperationExecutor.java:328)
	at org.gradle.internal.progress.DefaultBuildOperationExecutor.execute(DefaultBuildOperationExecutor.java:199)
	at org.gradle.internal.progress.DefaultBuildOperationExecutor.run(DefaultBuildOperationExecutor.java:110)
	at org.gradle.execution.taskgraph.DefaultTaskGraphExecuter$EventFiringTaskWorker.execute(DefaultTaskGraphExecuter.java:249)
	at org.gradle.execution.taskgraph.DefaultTaskGraphExecuter$EventFiringTaskWorker.execute(DefaultTaskGraphExecuter.java:238)
	at org.gradle.execution.taskgraph.DefaultTaskPlanExecutor$TaskExecutorWorker.processTask(DefaultTaskPlanExecutor.java:123)
	at org.gradle.execution.taskgraph.DefaultTaskPlanExecutor$TaskExecutorWorker.access$200(DefaultTaskPlanExecutor.java:79)
	at org.gradle.execution.taskgraph.DefaultTaskPlanExecutor$TaskExecutorWorker$1.execute(DefaultTaskPlanExecutor.java:104)
	at org.gradle.execution.taskgraph.DefaultTaskPlanExecutor$TaskExecutorWorker$1.execute(DefaultTaskPlanExecutor.java:98)
	at org.gradle.execution.taskgraph.DefaultTaskExecutionPlan.execute(DefaultTaskExecutionPlan.java:663)
	at org.gradle.execution.taskgraph.DefaultTaskExecutionPlan.executeWithTask(DefaultTaskExecutionPlan.java:597)
	at org.gradle.execution.taskgraph.DefaultTaskPlanExecutor$TaskExecutorWorker.run(DefaultTaskPlanExecutor.java:98)
	at org.gradle.internal.concurrent.ExecutorPolicy$CatchAndRecordFailures.onExecute(ExecutorPolicy.java:63)
	at org.gradle.internal.concurrent.ManagedExecutorImpl$1.run(ManagedExecutorImpl.java:46)
	at org.gradle.internal.concurrent.ThreadFactoryImpl$ManagedThreadRunnable.run(ThreadFactoryImpl.java:55)
Caused by: org.gradle.api.GradleException: Compilation error. See log for more details
	at org.jetbrains.kotlin.gradle.tasks.TasksUtilsKt.throwGradleExceptionIfError(tasksUtils.kt:16)
	at org.jetbrains.kotlin.gradle.tasks.KotlinCompile.processCompilerExitCode(Tasks.kt:453)
	at org.jetbrains.kotlin.gradle.tasks.KotlinCompile.callCompiler$kotlin_gradle_plugin(Tasks.kt:415)
	at org.jetbrains.kotlin.gradle.tasks.KotlinCompile.callCompiler$kotlin_gradle_plugin(Tasks.kt:309)
	at org.jetbrains.kotlin.gradle.tasks.AbstractKotlinCompile.execute(Tasks.kt:270)
	at org.gradle.internal.reflect.JavaMethod.invoke(JavaMethod.java:73)
	at org.gradle.api.internal.project.taskfactory.IncrementalTaskAction.doExecute(IncrementalTaskAction.java:50)
	at org.gradle.api.internal.project.taskfactory.StandardTaskAction.execute(StandardTaskAction.java:39)
	at org.gradle.api.internal.project.taskfactory.StandardTaskAction.execute(StandardTaskAction.java:26)
	at org.gradle.api.internal.tasks.execution.ExecuteActionsTaskExecuter$1.run(ExecuteActionsTaskExecuter.java:124)
	at org.gradle.internal.progress.DefaultBuildOperationExecutor$RunnableBuildOperationWorker.execute(DefaultBuildOperationExecutor.java:336)
	at org.gradle.internal.progress.DefaultBuildOperationExecutor$RunnableBuildOperationWorker.execute(DefaultBuildOperationExecutor.java:328)
	at org.gradle.internal.progress.DefaultBuildOperationExecutor.execute(DefaultBuildOperationExecutor.java:199)
	at org.gradle.internal.progress.DefaultBuildOperationExecutor.run(DefaultBuildOperationExecutor.java:110)
	at org.gradle.api.internal.tasks.execution.ExecuteActionsTaskExecuter.executeAction(ExecuteActionsTaskExecuter.java:113)
	at org.gradle.api.internal.tasks.execution.ExecuteActionsTaskExecuter.executeActions(ExecuteActionsTaskExecuter.java:95)
	... 30 more


* Get more help at https://help.gradle.org

BUILD FAILED in 1m 17s
99 actionable tasks: 99 executed

2019-01-19 21:25:46,512 INFO  FullProcessService - Found APK file: /var/folders/bq/vtzpc5ns5sg2cthy61lqpg3dfzgbys/T/1547907834841-0/src/Timeline-View-master/app/build/outputs/apk/debug/app-debug.apk
